get_ms_scriptGH.py
ms_to_delphiGH.py
/home/boselli/Marco/prog/epidemia/delphi_br/data/processed/Cases_Brasil_RO_Estado.csv
/home/boselli/Marco/prog/epidemia/delphi_br/data/processed/Cases_Brasil_AC_Estado.csv
/home/boselli/Marco/prog/epidemia/delphi_br/data/processed/Cases_Brasil_AM_Estado.csv
/home/boselli/Marco/prog/epidemia/delphi_br/data/processed/Cases_Brasil_RR_Estado.csv
/home/boselli/Marco/prog/epidemia/delphi_br/data/processed/Cases_Brasil_PA_Estado.csv
/home/boselli/Marco/prog/epidemia/delphi_br/data/processed/Cases_Brasil_AP_Estado.csv
/home/boselli/Marco/prog/epidemia/delphi_br/data/processed/Cases_Brasil_TO_Estado.csv
/home/boselli/Marco/prog/epidemia/delphi_br/data/processed/Cases_Brasil_MA_Estado.csv
/home/boselli/Marco/prog/epidemia/delphi_br/data/processed/Cases_Brasil_PI_Estado.csv
/home/boselli/Marco/prog/epidemia/delphi_br/data/processed/Cases_Brasil_CE_Estado.csv
/home/boselli/Marco/prog/epidemia/delphi_br/data/processed/Cases_Brasil_RN_Estado.csv
/home/boselli/Marco/prog/epidemia/delphi_br/data/processed/Cases_Brasil_PB_Estado.csv
/home/boselli/Marco/prog/epidemia/delphi_br/data/processed/Cases_Brasil_PE_Estado.csv
/home/boselli/Marco/prog/epidemia/delphi_br/data/processed/Cases_Brasil_AL_Estado.csv
/home/boselli/Marco/prog/epidemia/delphi_br/data/processed/Cases_Brasil_SE_Estado.csv
/home/boselli/Marco/prog/epidemia/delphi_br/data/processed/Cases_Brasil_BA_Estado.csv
/home/boselli/Marco/prog/epidemia/delphi_br/data/processed/Cases_Brasil_MG_Estado.csv
/home/boselli/Marco/prog/epidemia/delphi_br/data/processed/Cases_Brasil_ES_Estado.csv
/home/boselli/Marco/prog/epidemia/delphi_br/data/processed/Cases_Brasil_RJ_Estado.csv
/home/boselli/Marco/prog/epidemia/delphi_br/data/processed/Cases_Brasil_SP_Estado.csv
/home/boselli/Marco/prog/epidemia/delphi_br/data/processed/Cases_Brasil_PR_Estado.csv
/home/boselli/Marco/prog/epidemia/delphi_br/data/processed/Cases_Brasil_SC_Estado.csv
/home/boselli/Marco/prog/epidemia/delphi_br/data/processed/Cases_Brasil_RS_Estado.csv
/home/boselli/Marco/prog/epidemia/delphi_br/data/processed/Cases_Brasil_MS_Estado.csv
/home/boselli/Marco/prog/epidemia/delphi_br/data/processed/Cases_Brasil_MT_Estado.csv
/home/boselli/Marco/prog/epidemia/delphi_br/data/processed/Cases_Brasil_GO_Estado.csv
/home/boselli/Marco/prog/epidemia/delphi_br/data/processed/Cases_Brasil_DF_Estado.csv
/home/boselli/Marco/prog/epidemia/delphi_br/data/processed/Cases_Brasil_CE_Fortaleza.csv
/home/boselli/Marco/prog/epidemia/delphi_br/data/processed/Cases_Brasil_MA_São_Luís.csv
/home/boselli/Marco/prog/epidemia/delphi_br/data/processed/Cases_Brasil_BA_Salvador.csv
/home/boselli/Marco/prog/epidemia/delphi_br/data/processed/Cases_Brasil_RN_Natal.csv
/home/boselli/Marco/prog/epidemia/delphi_br/data/processed/Cases_Brasil_PI_Teresina.csv
/home/boselli/Marco/prog/epidemia/delphi_br/data/processed/Cases_Brasil_PB_João_Pessoa.csv
/home/boselli/Marco/prog/epidemia/delphi_br/data/processed/Cases_Brasil_PE_Recife.csv
/home/boselli/Marco/prog/epidemia/delphi_br/data/processed/Cases_Brasil_AL_Maceió.csv
/home/boselli/Marco/prog/epidemia/delphi_br/data/processed/Cases_Brasil_SE_Aracaju.csv
DELPHI_model
/home/boselli/Marco/prog/epidemia/delphi_br/data/processed/Cases_Brasil_RO_Estado.csv
8103097985.325136
[ 2.         -5.3303266   1.          0.5         0.02464061  0.1
  0.1       ]
=======
/home/boselli/Marco/prog/epidemia/delphi_br/data/processed/Cases_Brasil_AC_Estado.csv
9141823458.158531
[  1.89567498 -10.           1.           0.5          0.02708127
   0.10000001   0.3513211 ]
=======
/home/boselli/Marco/prog/epidemia/delphi_br/data/processed/Cases_Brasil_AM_Estado.csv
181562839886.14398
[ 2.         -4.99129577  1.          0.5         0.0390268   0.47108835
  0.10000001]
=======
/home/boselli/Marco/prog/epidemia/delphi_br/data/processed/Cases_Brasil_RR_Estado.csv
250884830071.4451
[ 2.         -6.09291087  1.          0.19579812  0.02009159  0.1
  0.1       ]
Bad fitting for Estado RR:  26.44
=======
/home/boselli/Marco/prog/epidemia/delphi_br/data/processed/Cases_Brasil_PA_Estado.csv
585901409091.2472
[ 2.         -3.65925155  1.          0.5         0.04585625  0.10000002
  0.33738549]
=======
/home/boselli/Marco/prog/epidemia/delphi_br/data/processed/Cases_Brasil_AP_Estado.csv
601426825431.6093
[ 2.         -4.65150946  1.          0.5         0.0160004   0.1
  0.1       ]
=======
/home/boselli/Marco/prog/epidemia/delphi_br/data/processed/Cases_Brasil_TO_Estado.csv
607055745101.2097
[  1.9057932  -10.           1.           0.5          0.01764251
   0.1          0.31683869]
=======
/home/boselli/Marco/prog/epidemia/delphi_br/data/processed/Cases_Brasil_MA_Estado.csv
1114132036061.9873
[2.         0.61146519 1.         0.09260442 0.02942839 0.1
 0.1       ]
Bad fitting for Estado MA:  30.20
=======
/home/boselli/Marco/prog/epidemia/delphi_br/data/processed/Cases_Brasil_PI_Estado.csv
1212478647528.8
[ 2.         -1.83633353  1.          0.07470899  0.03808288  0.1
  0.1       ]
Bad fitting for Estado PI:  27.36
=======
/home/boselli/Marco/prog/epidemia/delphi_br/data/processed/Cases_Brasil_CE_Estado.csv
3655613721610.829
[ 2.         -0.35906811  1.          0.1271447   0.05831906  0.1
  0.1       ]
=======
/home/boselli/Marco/prog/epidemia/delphi_br/data/processed/Cases_Brasil_RN_Estado.csv
3988576698666.9204
[ 2.         -4.3437797   1.          0.05        0.05009537  0.1
  0.1       ]
Bad fitting for Estado RN:  42.67
=======
/home/boselli/Marco/prog/epidemia/delphi_br/data/processed/Cases_Brasil_PB_Estado.csv
4137409247100.819
[2.         4.28940005 1.         0.08548749 0.0265821  0.1
 0.1       ]
Bad fitting for Estado PB:  28.31
=======
/home/boselli/Marco/prog/epidemia/delphi_br/data/processed/Cases_Brasil_PE_Estado.csv
4330635853917.201
[ 2.         -2.02331246  1.          0.5         0.08003676  0.10000006
  0.24998456]
Bad fitting for Estado PE:  29.16
=======
/home/boselli/Marco/prog/epidemia/delphi_br/data/processed/Cases_Brasil_AL_Estado.csv
4347219485852.29
[ 2.         -1.37020031  1.          0.5         0.02949506  0.10000029
  0.10939075]
Bad fitting for Estado AL:  27.34
=======
/home/boselli/Marco/prog/epidemia/delphi_br/data/processed/Cases_Brasil_SE_Estado.csv
4432616107955.889
[ 2.         -1.28467122  1.          0.06774136  0.0351477   0.1
  0.1       ]
Bad fitting for Estado SE:  26.00
=======
/home/boselli/Marco/prog/epidemia/delphi_br/data/processed/Cases_Brasil_BA_Estado.csv
8951116768050.88
[ 2.         -1.57500899  1.          0.05        0.03321716  0.1
  0.1       ]
Bad fitting for Estado BA:  49.68
=======
/home/boselli/Marco/prog/epidemia/delphi_br/data/processed/Cases_Brasil_MG_Estado.csv
12484291590239.506
[ 2.         -4.76442615  1.          0.05        0.02967072  0.1
  0.1       ]
Bad fitting for Estado MG:  80.43
=======
/home/boselli/Marco/prog/epidemia/delphi_br/data/processed/Cases_Brasil_ES_Estado.csv
12852371945176.643
[ 2.         -3.97622144  1.          0.10564331  0.03844771  0.1
  0.1       ]
Bad fitting for Estado ES:  26.46
=======
/home/boselli/Marco/prog/epidemia/delphi_br/data/processed/Cases_Brasil_RJ_Estado.csv
13558437971782.502
[ 2.         -1.2073795   1.          0.26677296  0.09224137  0.1
  0.1       ]
=======
/home/boselli/Marco/prog/epidemia/delphi_br/data/processed/Cases_Brasil_SP_Estado.csv
44984830501159.09
[2.         0.85498041 1.         0.06600076 0.06197059 0.1
 0.1       ]
Bad fitting for Estado SP:  38.03
=======
/home/boselli/Marco/prog/epidemia/delphi_br/data/processed/Cases_Brasil_PR_Estado.csv
46345331878393.62
[ 2.         -5.99538162  1.          0.05        0.03568847  0.1
  0.1       ]
Bad fitting for Estado PR:  86.66
=======
/home/boselli/Marco/prog/epidemia/delphi_br/data/processed/Cases_Brasil_SC_Estado.csv
47502304979468.47
[ 2.         -6.01002297  1.          0.05        0.01728821  0.1
  0.1       ]
Bad fitting for Estado SC:  54.49
=======
/home/boselli/Marco/prog/epidemia/delphi_br/data/processed/Cases_Brasil_RS_Estado.csv
48170544174916.4
[ 2.         -6.69149463  1.          0.05        0.03388303  0.1
  0.1       ]
Bad fitting for Estado RS:  50.93
=======
/home/boselli/Marco/prog/epidemia/delphi_br/data/processed/Cases_Brasil_MS_Estado.csv
48227072822287.18
[ 2.         -9.22374994  1.          0.05        0.01845987  0.1
  0.1       ]
Bad fitting for Estado MS:  66.30
=======
/home/boselli/Marco/prog/epidemia/delphi_br/data/processed/Cases_Brasil_MT_Estado.csv
48518079877039.26
[ 2.         -6.43788057  1.          0.05        0.05499991  0.1
  0.1       ]
Bad fitting for Estado MT:  91.39
=======
/home/boselli/Marco/prog/epidemia/delphi_br/data/processed/Cases_Brasil_GO_Estado.csv
48958166056170.03
[ 2.         -5.49784973  1.          0.05        0.03431339  0.1
  0.1       ]
Bad fitting for Estado GO:  65.43
=======
/home/boselli/Marco/prog/epidemia/delphi_br/data/processed/Cases_Brasil_DF_Estado.csv
51601082709369.5
[ 2.         -4.18153248  1.          0.05        0.01768228  0.1
  0.1       ]
Bad fitting for Estado DF:  99.78
=======
/home/boselli/Marco/prog/epidemia/delphi_br/data/processed/Cases_Brasil_CE_Fortaleza.csv
51604717064412.92
[  1.81441271 -10.           1.           0.4651767    0.09272046
   0.1          0.28768469]
=======
/home/boselli/Marco/prog/epidemia/delphi_br/data/processed/Cases_Brasil_MA_São_Luís.csv
51606429952333.59
[  1.53518282 -10.           1.           0.0912046    0.07195433
   2.04863592   0.10000001]
=======
/home/boselli/Marco/prog/epidemia/delphi_br/data/processed/Cases_Brasil_BA_Salvador.csv
51809378868836.195
[ 2.         -5.07958528  1.          0.062098    0.04292048  0.1
  0.1       ]
=======
/home/boselli/Marco/prog/epidemia/delphi_br/data/processed/Cases_Brasil_RN_Natal.csv
51846537118504.86
[ 2.         -9.33821823  1.          0.05        0.05403822  0.1
  0.1       ]
Bad fitting for Natal RN:  36.50
=======
/home/boselli/Marco/prog/epidemia/delphi_br/data/processed/Cases_Brasil_PI_Teresina.csv
51851611964223.19
[ 2.         -8.64259914  1.          0.08692024  0.05537949  0.1
  0.1       ]
=======
/home/boselli/Marco/prog/epidemia/delphi_br/data/processed/Cases_Brasil_PB_João_Pessoa.csv
51852853669006.945
[ 2.         -3.77715477  1.          0.19343095  0.0297535   0.1
  0.1       ]
=======
/home/boselli/Marco/prog/epidemia/delphi_br/data/processed/Cases_Brasil_PE_Recife.csv
51857976021000.15
[  1.57542244 -10.           1.           0.1452951    0.08839878
   5.52126637   0.10000008]
=======
/home/boselli/Marco/prog/epidemia/delphi_br/data/processed/Cases_Brasil_AL_Maceió.csv
51860480823106.75
[ 1.84200635 -9.99999992  1.          0.5         0.03717718  1.33979865
  0.10000009]
=======
/home/boselli/Marco/prog/epidemia/delphi_br/data/processed/Cases_Brasil_SE_Aracaju.csv
51864673094456.68
[ 2.         -5.3408368   1.          0.45517943  0.02016733  0.1
  0.10857949]
=======
Tempo de execussão: 0:20:15.078857
Rodou o DELPHI
DELPHI Update 07-28-2020 17:31:20
